<?xml version="1.0" encoding="UTF-8"?>
<coverage generated="1724089678486" clover="3.2.0">
  <project timestamp="1724089678486" name="All files">
    <metrics statements="95" coveredstatements="95" conditionals="55" coveredconditionals="39" methods="12" coveredmethods="12" elements="162" coveredelements="146" complexity="0" loc="95" ncloc="95" packages="2" files="7" classes="7"/>
    <package name="src">
      <metrics statements="34" coveredstatements="34" conditionals="30" coveredconditionals="23" methods="1" coveredmethods="1"/>
      <file name="extract-topic.mjs" path="/Users/zane/playground/extract-topic/src/extract-topic.mjs">
        <metrics statements="34" coveredstatements="34" conditionals="30" coveredconditionals="23" methods="1" coveredmethods="1"/>
        <line num="1" count="1" type="stmt"/>
        <line num="2" count="1" type="stmt"/>
        <line num="3" count="1" type="stmt"/>
        <line num="4" count="1" type="stmt"/>
        <line num="5" count="1" type="stmt"/>
        <line num="42" count="1" type="stmt"/>
        <line num="43" count="22" type="cond" truecount="1" falsecount="1"/>
        <line num="44" count="22" type="cond" truecount="1" falsecount="1"/>
        <line num="45" count="22" type="cond" truecount="2" falsecount="0"/>
        <line num="46" count="22" type="cond" truecount="2" falsecount="0"/>
        <line num="47" count="22" type="cond" truecount="1" falsecount="1"/>
        <line num="48" count="22" type="stmt"/>
        <line num="49" count="22" type="cond" truecount="1" falsecount="1"/>
        <line num="50" count="22" type="cond" truecount="2" falsecount="0"/>
        <line num="51" count="22" type="cond" truecount="1" falsecount="1"/>
        <line num="52" count="22" type="cond" truecount="4" falsecount="0"/>
        <line num="53" count="22" type="cond" truecount="1" falsecount="0"/>
        <line num="54" count="19" type="stmt"/>
        <line num="56" count="22" type="cond" truecount="1" falsecount="0"/>
        <line num="57" count="22" type="stmt"/>
        <line num="59" count="22" type="cond" truecount="1" falsecount="0"/>
        <line num="60" count="21" type="stmt"/>
        <line num="62" count="22" type="cond" truecount="1" falsecount="0"/>
        <line num="63" count="22" type="stmt"/>
        <line num="66" count="22" type="stmt"/>
        <line num="67" count="22" type="stmt"/>
        <line num="68" count="22" type="stmt"/>
        <line num="69" count="22" type="stmt"/>
        <line num="71" count="22" type="stmt"/>
        <line num="72" count="22" type="cond" truecount="2" falsecount="0"/>
        <line num="73" count="22" type="stmt"/>
        <line num="74" count="22" type="cond" truecount="1" falsecount="1"/>
        <line num="75" count="22" type="stmt"/>
        <line num="78" count="22" type="cond" truecount="1" falsecount="1"/>
      </file>
    </package>
    <package name="src.lib">
      <metrics statements="61" coveredstatements="61" conditionals="25" coveredconditionals="16" methods="11" coveredmethods="11"/>
      <file name="extract-sentence.mjs" path="/Users/zane/playground/extract-topic/src/lib/extract-sentence.mjs">
        <metrics statements="8" coveredstatements="8" conditionals="6" coveredconditionals="6" methods="1" coveredmethods="1"/>
        <line num="1" count="1" type="stmt"/>
        <line num="3" count="1" type="stmt"/>
        <line num="4" count="22" type="stmt"/>
        <line num="5" count="22" type="cond" truecount="4" falsecount="0"/>
        <line num="6" count="22" type="cond" truecount="2" falsecount="0"/>
        <line num="7" count="1" type="stmt"/>
        <line num="9" count="21" type="stmt"/>
        <line num="10" count="21" type="stmt"/>
      </file>
      <file name="remove-comment-chars.mjs" path="/Users/zane/playground/extract-topic/src/lib/remove-comment-chars.mjs">
        <metrics statements="25" coveredstatements="25" conditionals="13" coveredconditionals="4" methods="6" coveredmethods="6"/>
        <line num="1" count="330" type="cond" truecount="2" falsecount="9"/>
        <line num="3" count="22" type="stmt"/>
        <line num="4" count="44" type="stmt"/>
        <line num="5" count="44" type="cond" truecount="2" falsecount="0"/>
        <line num="6" count="22" type="stmt"/>
        <line num="8" count="22" type="stmt"/>
        <line num="10" count="22" type="stmt"/>
        <line num="12" count="22" type="stmt"/>
        <line num="15" count="1" type="stmt"/>
        <line num="17" count="1" type="stmt"/>
        <line num="18" count="22" type="stmt"/>
        <line num="19" count="22" type="stmt"/>
        <line num="20" count="2" type="stmt"/>
        <line num="21" count="2" type="stmt"/>
        <line num="22" count="2" type="stmt"/>
        <line num="23" count="2" type="stmt"/>
        <line num="24" count="2" type="stmt"/>
        <line num="25" count="2" type="stmt"/>
        <line num="26" count="2" type="stmt"/>
        <line num="27" count="2" type="stmt"/>
        <line num="30" count="2" type="stmt"/>
        <line num="33" count="22" type="stmt"/>
        <line num="36" count="1" type="stmt"/>
        <line num="38" count="6" type="stmt"/>
        <line num="40" count="22" type="stmt"/>
      </file>
      <file name="remove-headers.mjs" path="/Users/zane/playground/extract-topic/src/lib/remove-headers.mjs">
        <metrics statements="6" coveredstatements="6" conditionals="0" coveredconditionals="0" methods="1" coveredmethods="1"/>
        <line num="1" count="1" type="stmt"/>
        <line num="2" count="1" type="stmt"/>
        <line num="4" count="1" type="stmt"/>
        <line num="5" count="19" type="stmt"/>
        <line num="6" count="19" type="stmt"/>
        <line num="8" count="19" type="stmt"/>
      </file>
      <file name="remove-markdown.mjs" path="/Users/zane/playground/extract-topic/src/lib/remove-markdown.mjs">
        <metrics statements="13" coveredstatements="13" conditionals="1" coveredconditionals="1" methods="1" coveredmethods="1"/>
        <line num="1" count="1" type="stmt"/>
        <line num="3" count="1" type="stmt"/>
        <line num="4" count="1" type="stmt"/>
        <line num="5" count="1" type="stmt"/>
        <line num="7" count="21" type="stmt"/>
        <line num="9" count="21" type="stmt"/>
        <line num="10" count="21" type="stmt"/>
        <line num="11" count="21" type="stmt"/>
        <line num="13" count="21" type="stmt"/>
        <line num="15" count="21" type="cond" truecount="1" falsecount="0"/>
        <line num="16" count="1" type="stmt"/>
        <line num="19" count="21" type="stmt"/>
        <line num="21" count="21" type="stmt"/>
      </file>
      <file name="remove-tags.mjs" path="/Users/zane/playground/extract-topic/src/lib/remove-tags.mjs">
        <metrics statements="4" coveredstatements="4" conditionals="0" coveredconditionals="0" methods="1" coveredmethods="1"/>
        <line num="1" count="1" type="stmt"/>
        <line num="3" count="1" type="stmt"/>
        <line num="4" count="22" type="stmt"/>
        <line num="6" count="22" type="stmt"/>
      </file>
      <file name="strip-leading.mjs" path="/Users/zane/playground/extract-topic/src/lib/strip-leading.mjs">
        <metrics statements="5" coveredstatements="5" conditionals="5" coveredconditionals="5" methods="1" coveredmethods="1"/>
        <line num="1" count="109" type="cond" truecount="4" falsecount="0"/>
        <line num="2" count="109" type="cond" truecount="1" falsecount="0"/>
        <line num="3" count="88" type="stmt"/>
        <line num="5" count="109" type="stmt"/>
        <line num="7" count="109" type="stmt"/>
      </file>
    </package>
  </project>
</coverage>
