{"/Users/zane/playground/extract-topic/src/extract-topic.mjs": {"path":"/Users/zane/playground/extract-topic/src/extract-topic.mjs","statementMap":{"0":{"start":{"line":1,"column":0},"end":{"line":1,"column":null}},"1":{"start":{"line":2,"column":0},"end":{"line":2,"column":null}},"2":{"start":{"line":3,"column":0},"end":{"line":3,"column":null}},"3":{"start":{"line":4,"column":0},"end":{"line":4,"column":null}},"4":{"start":{"line":5,"column":0},"end":{"line":5,"column":null}},"5":{"start":{"line":51,"column":18},"end":{"line":104,"column":1}},"6":{"start":{"line":63,"column":11},"end":{"line":63,"column":6}},"7":{"start":{"line":63,"column":6},"end":{"line":52,"column":19}},"8":{"start":{"line":52,"column":19},"end":{"line":52,"column":null}},"9":{"start":{"line":52,"column":34},"end":{"line":53,"column":15}},"10":{"start":{"line":53,"column":15},"end":{"line":53,"column":null}},"11":{"start":{"line":53,"column":23},"end":{"line":54,"column":18}},"12":{"start":{"line":54,"column":18},"end":{"line":54,"column":null}},"13":{"start":{"line":54,"column":26},"end":{"line":55,"column":8}},"14":{"start":{"line":55,"column":8},"end":{"line":55,"column":null}},"15":{"start":{"line":55,"column":16},"end":{"line":56,"column":14}},"16":{"start":{"line":56,"column":14},"end":{"line":56,"column":null}},"17":{"start":{"line":56,"column":22},"end":{"line":57,"column":16}},"18":{"start":{"line":57,"column":16},"end":{"line":57,"column":null}},"19":{"start":{"line":57,"column":24},"end":{"line":58,"column":10}},"20":{"start":{"line":58,"column":10},"end":{"line":58,"column":null}},"21":{"start":{"line":59,"column":10},"end":{"line":59,"column":9}},"22":{"start":{"line":59,"column":10},"end":{"line":60,"column":10}},"23":{"start":{"line":60,"column":10},"end":{"line":60,"column":null}},"24":{"start":{"line":60,"column":14},"end":{"line":61,"column":17}},"25":{"start":{"line":61,"column":17},"end":{"line":61,"column":null}},"26":{"start":{"line":61,"column":25},"end":{"line":62,"column":15}},"27":{"start":{"line":62,"column":15},"end":{"line":62,"column":null}},"28":{"start":{"line":64,"column":2},"end":{"line":64,"column":null}},"29":{"start":{"line":65,"column":2},"end":{"line":65,"column":null}},"30":{"start":{"line":67,"column":2},"end":{"line":70,"column":null}},"31":{"start":{"line":68,"column":4},"end":{"line":68,"column":null}},"32":{"start":{"line":69,"column":4},"end":{"line":69,"column":null}},"33":{"start":{"line":71,"column":2},"end":{"line":74,"column":null}},"34":{"start":{"line":72,"column":4},"end":{"line":72,"column":null}},"35":{"start":{"line":73,"column":4},"end":{"line":73,"column":null}},"36":{"start":{"line":75,"column":2},"end":{"line":78,"column":null}},"37":{"start":{"line":76,"column":4},"end":{"line":76,"column":null}},"38":{"start":{"line":77,"column":4},"end":{"line":77,"column":null}},"39":{"start":{"line":80,"column":2},"end":{"line":82,"column":null}},"40":{"start":{"line":81,"column":4},"end":{"line":81,"column":null}},"41":{"start":{"line":83,"column":2},"end":{"line":87,"column":null}},"42":{"start":{"line":84,"column":4},"end":{"line":84,"column":null}},"43":{"start":{"line":85,"column":4},"end":{"line":85,"column":null}},"44":{"start":{"line":86,"column":4},"end":{"line":86,"column":55}},"45":{"start":{"line":89,"column":14},"end":{"line":89,"column":16}},"46":{"start":{"line":90,"column":26},"end":{"line":90,"column":28}},"47":{"start":{"line":91,"column":2},"end":{"line":101,"column":null}},"48":{"start":{"line":91,"column":15},"end":{"line":91,"column":16}},"49":{"start":{"line":92,"column":47},"end":{"line":92,"column":68}},"50":{"start":{"line":92,"column":68},"end":{"line":92,"column":null}},"51":{"start":{"line":92,"column":17},"end":{"line":92,"column":19}},"52":{"start":{"line":92,"column":28},"end":{"line":92,"column":30}},"53":{"start":{"line":92,"column":43},"end":{"line":92,"column":47}},"54":{"start":{"line":93,"column":4},"end":{"line":93,"column":null}},"55":{"start":{"line":94,"column":4},"end":{"line":94,"column":null}},"56":{"start":{"line":96,"column":19},"end":{"line":96,"column":96}},"57":{"start":{"line":97,"column":4},"end":{"line":97,"column":null}},"58":{"start":{"line":99,"column":4},"end":{"line":99,"column":null}},"59":{"start":{"line":100,"column":4},"end":{"line":100,"column":null}},"60":{"start":{"line":103,"column":2},"end":{"line":103,"column":null}}},"fnMap":{"0":{"name":"extractTopic","decl":{"start":{"line":51,"column":6},"end":{"line":51,"column":18}},"loc":{"start":{"line":63,"column":11},"end":{"line":104,"column":1}}}},"branchMap":{"0":{"loc":{"start":{"line":63,"column":11},"end":{"line":63,"column":6}},"type":"cond-expr","locations":[{"start":{"line":63,"column":11},"end":{"line":63,"column":null}},{"start":{"line":63,"column":4},"end":{"line":63,"column":6}}]},"1":{"loc":{"start":{"line":63,"column":11},"end":{"line":63,"column":null}},"type":"binary-expr","locations":[{"start":{"line":63,"column":11},"end":{"line":63,"column":null}},{"start":{"line":63,"column":11},"end":{"line":63,"column":null}}]},"2":{"loc":{"start":{"line":52,"column":19},"end":{"line":52,"column":null}},"type":"cond-expr","locations":[{"start":{"line":52,"column":22},"end":{"line":52,"column":34}},{"start":{"line":52,"column":34},"end":{"line":52,"column":null}}]},"3":{"loc":{"start":{"line":53,"column":15},"end":{"line":53,"column":null}},"type":"cond-expr","locations":[{"start":{"line":53,"column":18},"end":{"line":53,"column":23}},{"start":{"line":53,"column":23},"end":{"line":53,"column":null}}]},"4":{"loc":{"start":{"line":54,"column":18},"end":{"line":54,"column":null}},"type":"cond-expr","locations":[{"start":{"line":54,"column":21},"end":{"line":54,"column":26}},{"start":{"line":54,"column":26},"end":{"line":54,"column":null}}]},"5":{"loc":{"start":{"line":55,"column":8},"end":{"line":55,"column":null}},"type":"cond-expr","locations":[{"start":{"line":55,"column":11},"end":{"line":55,"column":16}},{"start":{"line":55,"column":16},"end":{"line":55,"column":null}}]},"6":{"loc":{"start":{"line":56,"column":14},"end":{"line":56,"column":null}},"type":"cond-expr","locations":[{"start":{"line":56,"column":17},"end":{"line":56,"column":22}},{"start":{"line":56,"column":22},"end":{"line":56,"column":null}}]},"7":{"loc":{"start":{"line":57,"column":16},"end":{"line":57,"column":null}},"type":"cond-expr","locations":[{"start":{"line":57,"column":19},"end":{"line":57,"column":24}},{"start":{"line":57,"column":24},"end":{"line":57,"column":null}}]},"8":{"loc":{"start":{"line":58,"column":10},"end":{"line":58,"column":null}},"type":"cond-expr","locations":[{"start":{"line":58,"column":13},"end":{"line":58,"column":18}},{"start":{"line":58,"column":18},"end":{"line":58,"column":null}}]},"9":{"loc":{"start":{"line":60,"column":10},"end":{"line":60,"column":null}},"type":"cond-expr","locations":[{"start":{"line":60,"column":13},"end":{"line":60,"column":14}},{"start":{"line":60,"column":14},"end":{"line":60,"column":null}}]},"10":{"loc":{"start":{"line":61,"column":17},"end":{"line":61,"column":null}},"type":"cond-expr","locations":[{"start":{"line":61,"column":20},"end":{"line":61,"column":25}},{"start":{"line":61,"column":25},"end":{"line":61,"column":null}}]},"11":{"loc":{"start":{"line":62,"column":15},"end":{"line":62,"column":null}},"type":"cond-expr","locations":[{"start":{"line":62,"column":18},"end":{"line":62,"column":19}},{"start":{"line":62,"column":19},"end":{"line":62,"column":null}}]},"12":{"loc":{"start":{"line":65,"column":9},"end":{"line":65,"column":53}},"type":"cond-expr","locations":[{"start":{"line":65,"column":35},"end":{"line":65,"column":39}},{"start":{"line":65,"column":42},"end":{"line":65,"column":53}}]},"13":{"loc":{"start":{"line":67,"column":2},"end":{"line":70,"column":null}},"type":"if","locations":[{"start":{"line":67,"column":2},"end":{"line":70,"column":null}}]},"14":{"loc":{"start":{"line":69,"column":11},"end":{"line":69,"column":55}},"type":"cond-expr","locations":[{"start":{"line":69,"column":37},"end":{"line":69,"column":41}},{"start":{"line":69,"column":44},"end":{"line":69,"column":55}}]},"15":{"loc":{"start":{"line":71,"column":2},"end":{"line":74,"column":null}},"type":"if","locations":[{"start":{"line":71,"column":2},"end":{"line":74,"column":null}}]},"16":{"loc":{"start":{"line":73,"column":11},"end":{"line":73,"column":55}},"type":"cond-expr","locations":[{"start":{"line":73,"column":37},"end":{"line":73,"column":41}},{"start":{"line":73,"column":44},"end":{"line":73,"column":55}}]},"17":{"loc":{"start":{"line":75,"column":2},"end":{"line":78,"column":null}},"type":"if","locations":[{"start":{"line":75,"column":2},"end":{"line":78,"column":null}}]},"18":{"loc":{"start":{"line":77,"column":11},"end":{"line":77,"column":55}},"type":"cond-expr","locations":[{"start":{"line":77,"column":37},"end":{"line":77,"column":41}},{"start":{"line":77,"column":44},"end":{"line":77,"column":55}}]},"19":{"loc":{"start":{"line":80,"column":2},"end":{"line":82,"column":null}},"type":"if","locations":[{"start":{"line":80,"column":2},"end":{"line":82,"column":null}}]},"20":{"loc":{"start":{"line":80,"column":6},"end":{"line":80,"column":54}},"type":"binary-expr","locations":[{"start":{"line":80,"column":6},"end":{"line":80,"column":27}},{"start":{"line":80,"column":31},"end":{"line":80,"column":54}}]},"21":{"loc":{"start":{"line":83,"column":2},"end":{"line":87,"column":null}},"type":"if","locations":[{"start":{"line":83,"column":2},"end":{"line":87,"column":null}}]},"22":{"loc":{"start":{"line":91,"column":18},"end":{"line":91,"column":62}},"type":"binary-expr","locations":[{"start":{"line":91,"column":18},"end":{"line":91,"column":35}},{"start":{"line":91,"column":39},"end":{"line":91,"column":62}}]},"23":{"loc":{"start":{"line":93,"column":15},"end":{"line":93,"column":67}},"type":"cond-expr","locations":[{"start":{"line":93,"column":41},"end":{"line":93,"column":49}},{"start":{"line":93,"column":52},"end":{"line":93,"column":67}}]},"24":{"loc":{"start":{"line":94,"column":16},"end":{"line":94,"column":70}},"type":"cond-expr","locations":[{"start":{"line":94,"column":42},"end":{"line":94,"column":51}},{"start":{"line":94,"column":54},"end":{"line":94,"column":70}}]},"25":{"loc":{"start":{"line":96,"column":19},"end":{"line":96,"column":96}},"type":"cond-expr","locations":[{"start":{"line":96,"column":40},"end":{"line":96,"column":42}},{"start":{"line":96,"column":46},"end":{"line":96,"column":96}}]},"26":{"loc":{"start":{"line":96,"column":46},"end":{"line":96,"column":96}},"type":"cond-expr","locations":[{"start":{"line":96,"column":72},"end":{"line":96,"column":89}},{"start":{"line":96,"column":92},"end":{"line":96,"column":96}}]},"27":{"loc":{"start":{"line":103,"column":9},"end":{"line":103,"column":70}},"type":"cond-expr","locations":[{"start":{"line":103,"column":34},"end":{"line":103,"column":39}},{"start":{"line":103,"column":42},"end":{"line":103,"column":70}}]}},"s":{"0":1,"1":1,"2":1,"3":1,"4":1,"5":1,"6":29,"7":29,"8":29,"9":29,"10":29,"11":29,"12":29,"13":29,"14":29,"15":29,"16":29,"17":29,"18":29,"19":29,"20":29,"21":29,"22":29,"23":29,"24":29,"25":29,"26":29,"27":29,"28":29,"29":29,"30":29,"31":29,"32":29,"33":29,"34":28,"35":28,"36":29,"37":29,"38":29,"39":29,"40":26,"41":29,"42":27,"43":27,"44":27,"45":29,"46":29,"47":29,"48":29,"49":30,"50":30,"51":30,"52":30,"53":30,"54":30,"55":30,"56":30,"57":30,"58":30,"59":30,"60":29},"f":{"0":29},"b":{"0":[9,20],"1":[29,29],"2":[29,0],"3":[25,4],"4":[29,0],"5":[28,1],"6":[28,1],"7":[27,2],"8":[29,0],"9":[28,1],"10":[28,1],"11":[29,0],"12":[2,27],"13":[29],"14":[2,27],"15":[28],"16":[2,26],"17":[29],"18":[2,27],"19":[26],"20":[29,28],"21":[27],"22":[59,30],"23":[2,28],"24":[2,28],"25":[29,1],"26":[0,1],"27":[29,0]}}
,"/Users/zane/playground/extract-topic/src/lib/extract-sentence.mjs": {"path":"/Users/zane/playground/extract-topic/src/lib/extract-sentence.mjs","statementMap":{"0":{"start":{"line":1,"column":19},"end":{"line":1,"column":62}},"1":{"start":{"line":3,"column":21},"end":{"line":16,"column":1}},"2":{"start":{"line":4,"column":17},"end":{"line":4,"column":39}},"3":{"start":{"line":5,"column":19},"end":{"line":5,"column":30}},"4":{"start":{"line":6,"column":2},"end":{"line":15,"column":null}},"5":{"start":{"line":7,"column":4},"end":{"line":7,"column":null}},"6":{"start":{"line":10,"column":22},"end":{"line":10,"column":53}},"7":{"start":{"line":12,"column":26},"end":{"line":12,"column":35}},"8":{"start":{"line":14,"column":4},"end":{"line":14,"column":null}}},"fnMap":{"0":{"name":"extractSentence","decl":{"start":{"line":3,"column":6},"end":{"line":3,"column":21}},"loc":{"start":{"line":3,"column":34},"end":{"line":16,"column":1}}}},"branchMap":{"0":{"loc":{"start":{"line":5,"column":19},"end":{"line":5,"column":30}},"type":"cond-expr","locations":[{"start":{"line":5,"column":25},"end":{"line":5,"column":28}},{"start":{"line":5,"column":19},"end":{"line":5,"column":30}}]},"1":{"loc":{"start":{"line":5,"column":19},"end":{"line":5,"column":28}},"type":"binary-expr","locations":[{"start":{"line":5,"column":19},"end":{"line":5,"column":28}},{"start":{"line":5,"column":19},"end":{"line":5,"column":28}}]},"2":{"loc":{"start":{"line":6,"column":2},"end":{"line":15,"column":null}},"type":"if","locations":[{"start":{"line":6,"column":2},"end":{"line":15,"column":null}},{"start":{"line":9,"column":7},"end":{"line":15,"column":null}}]}},"s":{"0":1,"1":1,"2":30,"3":30,"4":30,"5":1,"6":29,"7":29,"8":29},"f":{"0":30},"b":{"0":[1,29],"1":[30,29],"2":[1,29]}}
,"/Users/zane/playground/extract-topic/src/lib/process-headers.mjs": {"path":"/Users/zane/playground/extract-topic/src/lib/process-headers.mjs","statementMap":{"0":{"start":{"line":1,"column":22},"end":{"line":1,"column":50}},"1":{"start":{"line":2,"column":20},"end":{"line":2,"column":47}},"2":{"start":{"line":4,"column":20},"end":{"line":18,"column":1}},"3":{"start":{"line":4,"column":45},"end":{"line":4,"column":44}},"4":{"start":{"line":5,"column":2},"end":{"line":15,"column":null}},"5":{"start":{"line":6,"column":4},"end":{"line":6,"column":63}},"6":{"start":{"line":7,"column":4},"end":{"line":7,"column":null}},"7":{"start":{"line":8,"column":4},"end":{"line":8,"column":null}},"8":{"start":{"line":11,"column":4},"end":{"line":11,"column":31}},"9":{"start":{"line":12,"column":4},"end":{"line":12,"column":null}},"10":{"start":{"line":13,"column":4},"end":{"line":13,"column":null}},"11":{"start":{"line":14,"column":4},"end":{"line":14,"column":34}},"12":{"start":{"line":17,"column":2},"end":{"line":17,"column":null}}},"fnMap":{"0":{"name":"processHeaders","decl":{"start":{"line":4,"column":6},"end":{"line":4,"column":20}},"loc":{"start":{"line":4,"column":52},"end":{"line":18,"column":1}}}},"branchMap":{"0":{"loc":{"start":{"line":5,"column":2},"end":{"line":15,"column":null}},"type":"if","locations":[{"start":{"line":5,"column":2},"end":{"line":15,"column":null}},{"start":{"line":10,"column":7},"end":{"line":15,"column":null}}]},"1":{"loc":{"start":{"line":5,"column":6},"end":{"line":5,"column":86}},"type":"binary-expr","locations":[{"start":{"line":5,"column":6},"end":{"line":5,"column":29}},{"start":{"line":5,"column":33},"end":{"line":5,"column":60}},{"start":{"line":5,"column":64},"end":{"line":5,"column":86}}]}},"s":{"0":1,"1":1,"2":1,"3":29,"4":29,"5":25,"6":25,"7":25,"8":4,"9":4,"10":4,"11":4,"12":29},"f":{"0":29},"b":{"0":[25,4],"1":[29,4,4]}}
,"/Users/zane/playground/extract-topic/src/lib/remove-comment-chars.mjs": {"path":"/Users/zane/playground/extract-topic/src/lib/remove-comment-chars.mjs","statementMap":{"0":{"start":{"line":1,"column":0},"end":{"line":1,"column":46}},"1":{"start":{"line":1,"column":46},"end":{"line":1,"column":null}},"2":{"start":{"line":3,"column":24},"end":{"line":14,"column":1}},"3":{"start":{"line":3,"column":53},"end":{"line":3,"column":52}},"4":{"start":{"line":3,"column":69},"end":{"line":3,"column":68}},"5":{"start":{"line":3,"column":69},"end":{"line":4,"column":45}},"6":{"start":{"line":4,"column":43},"end":{"line":11,"column":null}},"7":{"start":{"line":4,"column":2},"end":{"line":11,"column":3}},"8":{"start":{"line":4,"column":22},"end":{"line":4,"column":26}},"9":{"start":{"line":5,"column":4},"end":{"line":10,"column":null}},"10":{"start":{"line":6,"column":6},"end":{"line":6,"column":null}},"11":{"start":{"line":9,"column":6},"end":{"line":9,"column":null}},"12":{"start":{"line":11,"column":3},"end":{"line":11,"column":null}},"13":{"start":{"line":13,"column":2},"end":{"line":13,"column":null}},"14":{"start":{"line":16,"column":28},"end":{"line":16,"column":59}},"15":{"start":{"line":17,"column":42},"end":{"line":17,"column":73}},"16":{"start":{"line":19,"column":41},"end":{"line":37,"column":1}},"17":{"start":{"line":19,"column":64},"end":{"line":19,"column":63}},"18":{"start":{"line":20,"column":20},"end":{"line":20,"column":101}},"19":{"start":{"line":21,"column":15},"end":{"line":21,"column":36}},"20":{"start":{"line":22,"column":2},"end":{"line":34,"column":null}},"21":{"start":{"line":23,"column":22},"end":{"line":23,"column":28}},"22":{"start":{"line":23,"column":17},"end":{"line":23,"column":16}},"23":{"start":{"line":24,"column":22},"end":{"line":24,"column":31}},"24":{"start":{"line":25,"column":19},"end":{"line":25,"column":35}},"25":{"start":{"line":26,"column":4},"end":{"line":26,"column":null}},"26":{"start":{"line":27,"column":4},"end":{"line":27,"column":43}},"27":{"start":{"line":28,"column":24},"end":{"line":28,"column":38}},"28":{"start":{"line":29,"column":4},"end":{"line":29,"column":null}},"29":{"start":{"line":30,"column":4},"end":{"line":30,"column":null}},"30":{"start":{"line":33,"column":4},"end":{"line":33,"column":null}},"31":{"start":{"line":36,"column":2},"end":{"line":36,"column":null}},"32":{"start":{"line":39,"column":25},"end":{"line":39,"column":32}},"33":{"start":{"line":41,"column":20},"end":{"line":41,"column":null}},"34":{"start":{"line":41,"column":25},"end":{"line":41,"column":null}},"35":{"start":{"line":41,"column":65},"end":{"line":41,"column":98}},"36":{"start":{"line":43,"column":24},"end":{"line":43,"column":null}},"37":{"start":{"line":43,"column":38},"end":{"line":43,"column":null}}},"fnMap":{"0":{"name":"_createForOfIteratorHelper","decl":{"start":{"line":1,"column":46},"end":{"line":1,"column":null}},"loc":{"start":{"line":1,"column":46},"end":{"line":1,"column":null}}},"1":{"name":"removeCommentChars","decl":{"start":{"line":3,"column":6},"end":{"line":3,"column":24}},"loc":{"start":{"line":3,"column":76},"end":{"line":14,"column":1}}},"2":{"name":"removeJsStyleMultineCommentChars","decl":{"start":{"line":19,"column":6},"end":{"line":19,"column":38}},"loc":{"start":{"line":19,"column":71},"end":{"line":37,"column":1}}},"3":{"name":"protectText","decl":{"start":{"line":41,"column":6},"end":{"line":41,"column":17}},"loc":{"start":{"line":41,"column":25},"end":{"line":41,"column":null}}},"4":{"name":"(anonymous_13)","decl":{"start":{"line":41,"column":63},"end":{"line":41,"column":64}},"loc":{"start":{"line":41,"column":65},"end":{"line":41,"column":98}}},"5":{"name":"stripProtection","decl":{"start":{"line":43,"column":6},"end":{"line":43,"column":21}},"loc":{"start":{"line":43,"column":38},"end":{"line":43,"column":null}}}},"branchMap":{"0":{"loc":{"start":{"line":1,"column":46},"end":{"line":1,"column":null}},"type":"binary-expr","locations":[{"start":{"line":1,"column":46},"end":{"line":1,"column":null}},{"start":{"line":1,"column":46},"end":{"line":1,"column":null}},{"start":{"line":1,"column":46},"end":{"line":1,"column":null}}]},"1":{"loc":{"start":{"line":1,"column":46},"end":{"line":1,"column":null}},"type":"if","locations":[{"start":{"line":1,"column":46},"end":{"line":1,"column":null}}]},"2":{"loc":{"start":{"line":1,"column":46},"end":{"line":1,"column":null}},"type":"binary-expr","locations":[{"start":{"line":1,"column":46},"end":{"line":1,"column":null}},{"start":{"line":1,"column":46},"end":{"line":1,"column":null}},{"start":{"line":1,"column":46},"end":{"line":1,"column":null}},{"start":{"line":1,"column":46},"end":{"line":1,"column":null}},{"start":{"line":1,"column":46},"end":{"line":1,"column":null}}]},"3":{"loc":{"start":{"line":1,"column":46},"end":{"line":1,"column":null}},"type":"binary-expr","locations":[{"start":{"line":1,"column":46},"end":{"line":1,"column":null}},{"start":{"line":1,"column":46},"end":{"line":1,"column":null}}]},"4":{"loc":{"start":{"line":5,"column":4},"end":{"line":10,"column":null}},"type":"if","locations":[{"start":{"line":5,"column":4},"end":{"line":10,"column":null}},{"start":{"line":8,"column":9},"end":{"line":10,"column":null}}]},"5":{"loc":{"start":{"line":20,"column":20},"end":{"line":20,"column":101}},"type":"cond-expr","locations":[{"start":{"line":20,"column":46},"end":{"line":20,"column":79}},{"start":{"line":20,"column":82},"end":{"line":20,"column":101}}]}},"s":{"0":1,"1":435,"2":1,"3":29,"4":29,"5":29,"6":29,"7":29,"8":58,"9":58,"10":29,"11":29,"12":29,"13":29,"14":1,"15":1,"16":1,"17":29,"18":29,"19":29,"20":29,"21":4,"22":4,"23":4,"24":4,"25":4,"26":4,"27":4,"28":4,"29":4,"30":4,"31":29,"32":1,"33":1,"34":4,"35":10,"36":1,"37":29},"f":{"0":174,"1":29,"2":29,"3":4,"4":10,"5":29},"b":{"0":[58,29,0],"1":[0],"2":[0,0,0,0,0],"3":[0,0],"4":[29,29],"5":[2,27]}}
,"/Users/zane/playground/extract-topic/src/lib/remove-markdown.mjs": {"path":"/Users/zane/playground/extract-topic/src/lib/remove-markdown.mjs","statementMap":{"0":{"start":{"line":1,"column":0},"end":{"line":1,"column":null}},"1":{"start":{"line":3,"column":27},"end":{"line":3,"column":54}},"2":{"start":{"line":4,"column":20},"end":{"line":4,"column":31}},"3":{"start":{"line":5,"column":25},"end":{"line":5,"column":32}},"4":{"start":{"line":7,"column":20},"end":{"line":24,"column":1}},"5":{"start":{"line":7,"column":46},"end":{"line":7,"column":45}},"6":{"start":{"line":7,"column":63},"end":{"line":7,"column":62}},"7":{"start":{"line":9,"column":2},"end":{"line":9,"column":null}},"8":{"start":{"line":11,"column":2},"end":{"line":11,"column":null}},"9":{"start":{"line":12,"column":2},"end":{"line":12,"column":null}},"10":{"start":{"line":13,"column":2},"end":{"line":13,"column":null}},"11":{"start":{"line":15,"column":2},"end":{"line":15,"column":null}},"12":{"start":{"line":17,"column":2},"end":{"line":19,"column":null}},"13":{"start":{"line":18,"column":4},"end":{"line":18,"column":null}},"14":{"start":{"line":21,"column":2},"end":{"line":21,"column":null}},"15":{"start":{"line":23,"column":2},"end":{"line":23,"column":null}}},"fnMap":{"0":{"name":"removeMarkdown","decl":{"start":{"line":7,"column":6},"end":{"line":7,"column":20}},"loc":{"start":{"line":7,"column":70},"end":{"line":24,"column":1}}}},"branchMap":{"0":{"loc":{"start":{"line":17,"column":2},"end":{"line":19,"column":null}},"type":"if","locations":[{"start":{"line":17,"column":2},"end":{"line":19,"column":null}}]}},"s":{"0":1,"1":1,"2":1,"3":1,"4":1,"5":28,"6":28,"7":28,"8":28,"9":28,"10":28,"11":28,"12":28,"13":1,"14":28,"15":28},"f":{"0":28},"b":{"0":[1]}}
,"/Users/zane/playground/extract-topic/src/lib/remove-tags.mjs": {"path":"/Users/zane/playground/extract-topic/src/lib/remove-tags.mjs","statementMap":{"0":{"start":{"line":1,"column":14},"end":{"line":1,"column":37}},"1":{"start":{"line":3,"column":16},"end":{"line":7,"column":1}},"2":{"start":{"line":4,"column":2},"end":{"line":4,"column":null}},"3":{"start":{"line":6,"column":2},"end":{"line":6,"column":null}}},"fnMap":{"0":{"name":"removeTags","decl":{"start":{"line":3,"column":6},"end":{"line":3,"column":16}},"loc":{"start":{"line":3,"column":29},"end":{"line":7,"column":1}}}},"branchMap":{},"s":{"0":1,"1":1,"2":29,"3":29},"f":{"0":29},"b":{}}
,"/Users/zane/playground/extract-topic/src/lib/strip-leading.mjs": {"path":"/Users/zane/playground/extract-topic/src/lib/strip-leading.mjs","statementMap":{"0":{"start":{"line":1,"column":18},"end":{"line":11,"column":1}},"1":{"start":{"line":1,"column":74},"end":{"line":1,"column":69}},"2":{"start":{"line":1,"column":52},"end":{"line":1,"column":51}},"3":{"start":{"line":1,"column":62},"end":{"line":1,"column":61}},"4":{"start":{"line":2,"column":2},"end":{"line":4,"column":null}},"5":{"start":{"line":3,"column":4},"end":{"line":3,"column":62}},"6":{"start":{"line":6,"column":2},"end":{"line":6,"column":null}},"7":{"start":{"line":8,"column":2},"end":{"line":8,"column":null}},"8":{"start":{"line":10,"column":2},"end":{"line":10,"column":null}}},"fnMap":{"0":{"name":"stripLeading","decl":{"start":{"line":1,"column":6},"end":{"line":1,"column":18}},"loc":{"start":{"line":1,"column":74},"end":{"line":11,"column":1}}}},"branchMap":{"0":{"loc":{"start":{"line":1,"column":74},"end":{"line":1,"column":69}},"type":"cond-expr","locations":[{"start":{"line":1,"column":74},"end":{"line":1,"column":null}},{"start":{"line":1,"column":67},"end":{"line":1,"column":69}}]},"1":{"loc":{"start":{"line":1,"column":74},"end":{"line":1,"column":null}},"type":"binary-expr","locations":[{"start":{"line":1,"column":74},"end":{"line":1,"column":null}},{"start":{"line":1,"column":74},"end":{"line":1,"column":null}}]},"2":{"loc":{"start":{"line":2,"column":2},"end":{"line":4,"column":null}},"type":"if","locations":[{"start":{"line":2,"column":2},"end":{"line":4,"column":null}}]},"3":{"loc":{"start":{"line":8,"column":9},"end":{"line":8,"column":53}},"type":"cond-expr","locations":[{"start":{"line":8,"column":35},"end":{"line":8,"column":39}},{"start":{"line":8,"column":42},"end":{"line":8,"column":53}}]}},"s":{"0":1,"1":174,"2":174,"3":174,"4":174,"5":114,"6":174,"7":174,"8":174},"f":{"0":174},"b":{"0":[174,0],"1":[174,174],"2":[114],"3":[13,161]}}
}
